GROUP,PACKAGE,CLASS,INSTRUCTION_MISSED,INSTRUCTION_COVERED,BRANCH_MISSED,BRANCH_COVERED,LINE_MISSED,LINE_COVERED,COMPLEXITY_MISSED,COMPLEXITY_COVERED,METHOD_MISSED,METHOD_COVERED
persistence_g1_3,edu.uga.miage.m1.polygons.gui,GUIHelper.new WindowAdapter() {...},6,0,0,0,3,0,2,0,2,0
persistence_g1_3,edu.uga.miage.m1.polygons.gui,JDrawingFrame.ShapeActionListener,42,6,4,0,11,1,3,1,1,1
persistence_g1_3,edu.uga.miage.m1.polygons.gui,JDrawingFrame,377,339,33,1,77,69,41,5,24,5
persistence_g1_3,edu.uga.miage.m1.polygons.gui,App,6,0,0,0,3,0,2,0,2,0
persistence_g1_3,edu.uga.miage.m1.polygons.gui,GUIHelper,21,0,0,0,7,0,1,0,1,0
persistence_g1_3,edu.uga.miage.m1.polygons.gui.persistence,JSonVisitor,0,111,0,4,0,15,0,5,0,3
persistence_g1_3,edu.uga.miage.m1.polygons.gui.persistence,XMLVisitor,0,103,0,4,0,14,0,5,0,3
persistence_g1_3,edu.uga.miage.m1.polygons.gui.controllers,JSonController,80,3,2,0,18,1,4,1,3,1
persistence_g1_3,edu.uga.miage.m1.polygons.gui.controllers,XMLController,193,3,14,0,35,1,9,1,2,1
persistence_g1_3,edu.uga.miage.m1.polygons.gui.controllers,FileController,47,9,2,0,14,2,3,1,2,1
persistence_g1_3,edu.uga.miage.m1.polygons.gui.factories,ShapeFactory,58,7,10,0,12,2,8,2,2,2
persistence_g1_3,edu.uga.miage.m1.polygons.gui.factories,ShapeFactory.Shapes,0,27,0,0,0,5,0,1,0,1
persistence_g1_3,edu.uga.miage.m1.polygons.gui.command,CommandHistory,0,78,2,6,0,18,2,8,0,6
persistence_g1_3,edu.uga.miage.m1.polygons.gui.command,CommandUndo.TypesCommands,0,15,0,0,0,3,0,1,0,1
persistence_g1_3,edu.uga.miage.m1.polygons.gui.command,CommandUndo,4,50,1,2,2,17,2,7,1,6
persistence_g1_3,edu.uga.miage.m1.polygons.gui.shapes,CompoundShape,34,90,1,7,8,17,6,11,5,8
persistence_g1_3,edu.uga.miage.m1.polygons.gui.shapes,Shape,0,58,0,8,0,14,0,12,0,8
persistence_g1_3,edu.uga.miage.m1.polygons.gui.shapes,Triangle,145,5,4,0,19,2,4,1,2,1
persistence_g1_3,edu.uga.miage.m1.polygons.gui.shapes,Square,87,5,2,0,14,2,3,1,2,1
persistence_g1_3,edu.uga.miage.m1.polygons.gui.shapes,Circle,78,5,2,0,13,2,3,1,2,1
