GROUP,PACKAGE,CLASS,INSTRUCTION_MISSED,INSTRUCTION_COVERED,BRANCH_MISSED,BRANCH_COVERED,LINE_MISSED,LINE_COVERED,COMPLEXITY_MISSED,COMPLEXITY_COVERED,METHOD_MISSED,METHOD_COVERED
persistence_g1_3,edu.uga.miage.m1.polygons.gui,GUIHelper.new WindowAdapter() {...},6,0,0,0,3,0,2,0,2,0
persistence_g1_3,edu.uga.miage.m1.polygons.gui,JDrawingFrame.ShapeActionListener,42,6,4,0,11,1,3,1,1,1
persistence_g1_3,edu.uga.miage.m1.polygons.gui,JDrawingFrame,383,339,33,1,78,69,41,5,24,5
persistence_g1_3,edu.uga.miage.m1.polygons.gui,App,6,0,0,0,3,0,2,0,2,0
persistence_g1_3,edu.uga.miage.m1.polygons.gui,GUIHelper,21,0,0,0,7,0,1,0,1,0
persistence_g1_3,edu.uga.miage.m1.polygons.gui.persistence,JSonVisitor,0,114,0,4,0,17,0,6,0,4
persistence_g1_3,edu.uga.miage.m1.polygons.gui.persistence,XMLVisitor,0,106,0,4,0,16,0,6,0,4
persistence_g1_3,edu.uga.miage.m1.polygons.gui.controllers,ShapeController,0,47,0,6,0,7,0,7,0,4
persistence_g1_3,edu.uga.miage.m1.polygons.gui.controllers,ShapeController.Shapes,0,27,0,0,0,5,0,1,0,1
persistence_g1_3,edu.uga.miage.m1.polygons.gui.controllers,JSonController,0,83,0,2,0,19,0,5,0,4
persistence_g1_3,edu.uga.miage.m1.polygons.gui.controllers,XMLController,13,152,3,9,2,26,2,8,0,4
persistence_g1_3,edu.uga.miage.m1.polygons.gui.controllers,HistoryController,0,73,0,8,0,18,0,10,0,6
persistence_g1_3,edu.uga.miage.m1.polygons.gui.controllers,FileController,10,46,0,2,4,12,0,4,0,3
persistence_g1_3,edu.uga.miage.m1.polygons.gui.factories,ShapeFactory,0,33,0,4,0,10,0,5,0,2
persistence_g1_3,edu.uga.miage.m1.polygons.gui.command,Command,0,19,0,0,0,8,0,4,0,4
persistence_g1_3,edu.uga.miage.m1.polygons.gui.command,CreateCommand,0,12,0,0,0,4,0,2,0,2
persistence_g1_3,edu.uga.miage.m1.polygons.gui.command,MoveCommand,0,17,0,0,0,5,0,2,0,2
persistence_g1_3,edu.uga.miage.m1.polygons.gui.shapes,CompoundShape,28,96,1,7,6,19,5,12,4,9
persistence_g1_3,edu.uga.miage.m1.polygons.gui.shapes,Shape,0,58,0,8,0,14,0,12,0,8
persistence_g1_3,edu.uga.miage.m1.polygons.gui.shapes,Triangle,145,5,4,0,19,2,4,1,2,1
persistence_g1_3,edu.uga.miage.m1.polygons.gui.shapes,Square,87,5,2,0,14,2,3,1,2,1
persistence_g1_3,edu.uga.miage.m1.polygons.gui.shapes,Circle,78,5,2,0,13,2,3,1,2,1
