GROUP,PACKAGE,CLASS,INSTRUCTION_MISSED,INSTRUCTION_COVERED,BRANCH_MISSED,BRANCH_COVERED,LINE_MISSED,LINE_COVERED,COMPLEXITY_MISSED,COMPLEXITY_COVERED,METHOD_MISSED,METHOD_COVERED
persistence_g1_3,edu.uga.miage.m1.polygons.gui,JDrawingFrame,849,0,46,0,178,0,52,0,28,0
persistence_g1_3,edu.uga.miage.m1.polygons.gui,GUIHelper.new WindowAdapter() {...},6,0,0,0,3,0,2,0,2,0
persistence_g1_3,edu.uga.miage.m1.polygons.gui,App,6,0,0,0,3,0,2,0,2,0
persistence_g1_3,edu.uga.miage.m1.polygons.gui,JDrawingFrame.Shapes,27,0,0,0,5,0,1,0,1,0
persistence_g1_3,edu.uga.miage.m1.polygons.gui,JDrawingFrame.ShapeActionListener,48,0,4,0,12,0,4,0,2,0
persistence_g1_3,edu.uga.miage.m1.polygons.gui,GUIHelper,18,0,0,0,6,0,1,0,1,0
persistence_g1_3,edu.uga.miage.m1.polygons.gui.persistence,JSonVisitor,111,0,4,0,15,0,5,0,3,0
persistence_g1_3,edu.uga.miage.m1.polygons.gui.persistence,XMLVisitor,103,0,4,0,14,0,5,0,3,0
persistence_g1_3,edu.uga.miage.m1.polygons.gui.shapes,Triangle,175,22,12,0,22,9,10,4,4,4
persistence_g1_3,edu.uga.miage.m1.polygons.gui.shapes,Square,117,25,10,0,17,10,9,4,4,4
persistence_g1_3,edu.uga.miage.m1.polygons.gui.shapes,CompoundShape,118,0,8,0,24,0,16,0,12,0
persistence_g1_3,edu.uga.miage.m1.polygons.gui.shapes,Circle,108,22,10,0,16,9,9,4,4,4
